CPU Reset (CPU 0)
EAX=00000000 EBX=00000000 ECX=00000000 EDX=00000663
ESI=00000000 EDI=00000000 EBP=00000000 ESP=00000000
EIP=0000fff0 EFL=00000002 [-------] CPL=0 II=0 A20=1 SMM=0 HLT=0
ES =0000 00000000 0000ffff 00009300
CS =f000 ffff0000 0000ffff 00009b00
SS =0000 00000000 0000ffff 00009300
DS =0000 00000000 0000ffff 00009300
FS =0000 00000000 0000ffff 00009300
GS =0000 00000000 0000ffff 00009300
LDT=0000 00000000 0000ffff 00008200
TR =0000 00000000 0000ffff 00008b00
GDT=     00000000 0000ffff
IDT=     00000000 0000ffff
CR0=60000010 CR2=00000000 CR3=00000000 CR4=00000000
DR0=00000000 DR1=00000000 DR2=00000000 DR3=00000000 
DR6=ffff0ff0 DR7=00000400
CCS=00000000 CCD=00000000 CCO=EFLAGS
EFER=0000000000000000
FCW=037f FSW=0000 [ST=0] FTW=00 MXCSR=00001f80
FPR0=0000000000000000 0000 FPR1=0000000000000000 0000
FPR2=0000000000000000 0000 FPR3=0000000000000000 0000
FPR4=0000000000000000 0000 FPR5=0000000000000000 0000
FPR6=0000000000000000 0000 FPR7=0000000000000000 0000
XMM00=0000000000000000 0000000000000000 XMM01=0000000000000000 0000000000000000
XMM02=0000000000000000 0000000000000000 XMM03=0000000000000000 0000000000000000
XMM04=0000000000000000 0000000000000000 XMM05=0000000000000000 0000000000000000
XMM06=0000000000000000 0000000000000000 XMM07=0000000000000000 0000000000000000
CPU Reset (CPU 0)
EAX=00000000 EBX=00000000 ECX=00000000 EDX=00000663
ESI=00000000 EDI=00000000 EBP=00000000 ESP=00000000
EIP=0000fff0 EFL=00000002 [-------] CPL=0 II=0 A20=1 SMM=0 HLT=0
ES =0000 00000000 0000ffff 00009300
CS =f000 ffff0000 0000ffff 00009b00
SS =0000 00000000 0000ffff 00009300
DS =0000 00000000 0000ffff 00009300
FS =0000 00000000 0000ffff 00009300
GS =0000 00000000 0000ffff 00009300
LDT=0000 00000000 0000ffff 00008200
TR =0000 00000000 0000ffff 00008b00
GDT=     00000000 0000ffff
IDT=     00000000 0000ffff
CR0=60000010 CR2=00000000 CR3=00000000 CR4=00000000
DR0=00000000 DR1=00000000 DR2=00000000 DR3=00000000 
DR6=ffff0ff0 DR7=00000400
CCS=00000000 CCD=00000000 CCO=EFLAGS
EFER=0000000000000000
FCW=037f FSW=0000 [ST=0] FTW=00 MXCSR=00001f80
FPR0=0000000000000000 0000 FPR1=0000000000000000 0000
FPR2=0000000000000000 0000 FPR3=0000000000000000 0000
FPR4=0000000000000000 0000 FPR5=0000000000000000 0000
FPR6=0000000000000000 0000 FPR7=0000000000000000 0000
XMM00=0000000000000000 0000000000000000 XMM01=0000000000000000 0000000000000000
XMM02=0000000000000000 0000000000000000 XMM03=0000000000000000 0000000000000000
XMM04=0000000000000000 0000000000000000 XMM05=0000000000000000 0000000000000000
XMM06=0000000000000000 0000000000000000 XMM07=0000000000000000 0000000000000000
----------------
IN: 
0xfffffff0:  ea 5b e0 00 f0           ljmpw    $0xf000:$0xe05b

----------------
IN: 
0x000fe05b:  2e 66 83 3e 68 62 00     cmpl     $0, %cs:0x6268
0x000fe062:  0f 85 4d f0              jne      0xfd0b3

----------------
IN: 
0x000fe066:  31 d2                    xorw     %dx, %dx
0x000fe068:  8e d2                    movw     %dx, %ss

----------------
IN: 
0x000fe06a:  66 bc 00 70 00 00        movl     $0x7000, %esp

----------------
IN: 
0x000fe070:  66 ba 0e 07 0f 00        movl     $0xf070e, %edx
0x000fe076:  e9 b7 ee                 jmp      0xfcf30

----------------
IN: 
0x000fcf30:  fa                       cli      
0x000fcf31:  fc                       cld      
0x000fcf32:  66 89 c1                 movl     %eax, %ecx
0x000fcf35:  66 b8 8f 00 00 00        movl     $0x8f, %eax
0x000fcf3b:  e6 70                    outb     %al, $0x70

----------------
IN: 
0x000fcf3d:  e4 71                    inb      $0x71, %al

----------------
IN: 
0x000fcf3f:  e4 92                    inb      $0x92, %al

----------------
IN: 
0x000fcf41:  0c 02                    orb      $2, %al
0x000fcf43:  e6 92                    outb     %al, $0x92

----------------
IN: 
0x000fcf45:  66 89 c8                 movl     %ecx, %eax
0x000fcf48:  2e 0f 01 1e 58 62        lidtw    %cs:0x6258
0x000fcf4e:  2e 0f 01 16 18 62        lgdtw    %cs:0x6218
0x000fcf54:  0f 20 c1                 movl     %cr0, %ecx
0x000fcf57:  66 81 e1 ff ff ff 1f     andl     $0x1fffffff, %ecx
0x000fcf5e:  66 83 c9 01              orl      $1, %ecx
0x000fcf62:  0f 22 c1                 movl     %ecx, %cr0

----------------
IN: 
0x000fcf65:  66 ea 6d cf 0f 00 08 00  ljmpl    $0x8:$0xfcf6d

----------------
IN: 
0x000fcf6d:  b9 10 00 00 00           movl     $0x10, %ecx
0x000fcf72:  8e d9                    movl     %ecx, %ds

----------------
IN: 
0x000fcf74:  8e c1                    movl     %ecx, %es

----------------
IN: 
0x000fcf76:  8e d1                    movl     %ecx, %ss

----------------
IN: 
0x000fcf78:  8e e1                    movl     %ecx, %fs

----------------
IN: 
0x000fcf7a:  8e e9                    movl     %ecx, %gs
0x000fcf7c:  ff e2                    jmpl     *%edx

----------------
IN: 
0x000f070e:  53                       pushl    %ebx
0x000f070f:  83 ec 20                 subl     $0x20, %esp
0x000f0712:  e8 1e c8 ff ff           calll    0xecf35

----------------
IN: 
0x000ecf35:  68 c0 4a 0f 00           pushl    $0xf4ac0
0x000ecf3a:  68 53 0f 0f 00           pushl    $0xf0f53
0x000ecf3f:  e8 de ff ff ff           calll    0xecf22

----------------
IN: 
0x000ecf22:  8d 4c 24 08              leal     8(%esp), %ecx
0x000ecf26:  8b 54 24 04              movl     4(%esp), %edx
0x000ecf2a:  b8 48 4a 0f 00           movl     $0xf4a48, %eax
0x000ecf2f:  e8 a6 f7 ff ff           calll    0xec6da

----------------
IN: 
0x000ec6da:  55                       pushl    %ebp
0x000ec6db:  57                       pushl    %edi
0x000ec6dc:  56                       pushl    %esi
0x000ec6dd:  53                       pushl    %ebx
0x000ec6de:  83 ec 08                 subl     $8, %esp
0x000ec6e1:  89 c5                    movl     %eax, %ebp
0x000ec6e3:  89 d7                    movl     %edx, %edi
0x000ec6e5:  89 cb                    movl     %ecx, %ebx
0x000ec6e7:  0f be 17                 movsbl   (%edi), %edx
0x000ec6ea:  84 d2                    testb    %dl, %dl
0x000ec6ec:  0f 84 41 02 00 00        je       0xec933

----------------
IN: 
0x000ec6f2:  80 fa 25                 cmpb     $0x25, %dl
0x000ec6f5:  0f 85 23 02 00 00        jne      0xec91e

----------------
IN: 
0x000ec91e:  89 e8                    movl     %ebp, %eax
0x000ec920:  e8 76 d9 ff ff           calll    0xea29b

----------------
IN: 
0x000ea29b:  0f be d2                 movsbl   %dl, %edx
0x000ea29e:  ff 20                    jmpl     *(%eax)

----------------
IN: 
0x000ebd7c:  88 d0                    movb     %dl, %al
0x000ebd7e:  66 8b 15 d4 60 0f 00     movw     0xf60d4, %dx
0x000ebd85:  66 85 d2                 testw    %dx, %dx
0x000ebd88:  74 01                    je       0xebd8b

----------------
IN: 
0x000ebd8a:  ee                       outb     %al, %dx

----------------
IN: 
0x000ebd8b:  c3                       retl     

----------------
IN: 
0x000ec925:  89 fe                    movl     %edi, %esi
0x000ec927:  eb 02                    jmp      0xec92b

----------------
IN: 
0x000ec92b:  8d 7e 01                 leal     1(%esi), %edi
0x000ec92e:  e9 b4 fd ff ff           jmp      0xec6e7

----------------
IN: 
0x000ec6e7:  0f be 17                 movsbl   (%edi), %edx
0x000ec6ea:  84 d2                    testb    %dl, %dl
0x000ec6ec:  0f 84 41 02 00 00        je       0xec933

----------------
IN: 
0x000ec6fb:  8d 77 01                 leal     1(%edi), %esi
0x000ec6fe:  c6 04 24 20              movb     $0x20, (%esp)
0x000ec702:  31 c9                    xorl     %ecx, %ecx
0x000ec704:  0f b6 06                 movzbl   (%esi), %eax
0x000ec707:  8d 50 d0                 leal     -0x30(%eax), %edx
0x000ec70a:  80 fa 09                 cmpb     $9, %dl
0x000ec70d:  77 1a                    ja       0xec729

----------------
IN: 
0x000ec729:  31 d2                    xorl     %edx, %edx
0x000ec72b:  3c 6c                    cmpb     $0x6c, %al
0x000ec72d:  75 12                    jne      0xec741

----------------
IN: 
0x000ec741:  3c 64                    cmpb     $0x64, %al
0x000ec743:  74 68                    je       0xec7ad

----------------
IN: 
0x000ec745:  7f 42                    jg       0xec789

----------------
IN: 
0x000ec789:  3c 73                    cmpb     $0x73, %al
0x000ec78b:  0f 84 72 01 00 00        je       0xec903

----------------
IN: 
0x000ec903:  8d 7b 04                 leal     4(%ebx), %edi
0x000ec906:  8b 1b                    movl     (%ebx), %ebx
0x000ec908:  0f be 13                 movsbl   (%ebx), %edx
0x000ec90b:  84 d2                    testb    %dl, %dl
0x000ec90d:  74 1a                    je       0xec929

----------------
IN: 
0x000ec90f:  89 e8                    movl     %ebp, %eax
0x000ec911:  e8 85 d9 ff ff           calll    0xea29b

----------------
IN: 
0x000ec916:  43                       incl     %ebx
0x000ec917:  eb ef                    jmp      0xec908

----------------
IN: 
0x000ec908:  0f be 13                 movsbl   (%ebx), %edx
0x000ec90b:  84 d2                    testb    %dl, %dl
0x000ec90d:  74 1a                    je       0xec929

----------------
IN: 
0x000ec929:  89 fb                    movl     %edi, %ebx
0x000ec92b:  8d 7e 01                 leal     1(%esi), %edi
0x000ec92e:  e9 b4 fd ff ff           jmp      0xec6e7

----------------
IN: 
0x000ec933:  83 c4 08                 addl     $8, %esp
0x000ec936:  5b                       popl     %ebx
0x000ec937:  5e                       popl     %esi
0x000ec938:  5f                       popl     %edi
0x000ec939:  5d                       popl     %ebp
0x000ec93a:  c3                       retl     

----------------
IN: 
0x000ecf34:  c3                       retl     

----------------
IN: 
0x000ecf44:  68 60 4a 0f 00           pushl    $0xf4a60
0x000ecf49:  68 69 0f 0f 00           pushl    $0xf0f69
0x000ecf4e:  e8 cf ff ff ff           calll    0xecf22

----------------
IN: 
0x000ecf53:  83 c4 10                 addl     $0x10, %esp
0x000ecf56:  c3                       retl     

----------------
IN: 
0x000f0717:  bb 00 00 00 40           movl     $0x40000000, %ebx
0x000f071c:  8d 4c 24 04              leal     4(%esp), %ecx
0x000f0720:  89 e2                    movl     %esp, %edx
0x000f0722:  8d 44 24 0c              leal     0xc(%esp), %eax
0x000f0726:  50                       pushl    %eax
0x000f0727:  8d 44 24 0c              leal     0xc(%esp), %eax
0x000f072b:  50                       pushl    %eax
0x000f072c:  89 d8                    movl     %ebx, %eax
0x000f072e:  e8 bd 9e ff ff           calll    0xea5f0

----------------
IN: 
0x000ea5f0:  55                       pushl    %ebp
0x000ea5f1:  57                       pushl    %edi
0x000ea5f2:  56                       pushl    %esi
0x000ea5f3:  53                       pushl    %ebx
0x000ea5f4:  89 d6                    movl     %edx, %esi
0x000ea5f6:  89 cf                    movl     %ecx, %edi
0x000ea5f8:  8b 6c 24 14              movl     0x14(%esp), %ebp
0x000ea5fc:  9c                       pushfl   
0x000ea5fd:  59                       popl     %ecx
0x000ea5fe:  89 ca                    movl     %ecx, %edx
0x000ea600:  81 f2 00 00 20 00        xorl     $0x200000, %edx
0x000ea606:  52                       pushl    %edx
0x000ea607:  9d                       popfl    

----------------
IN: 
0x000ea608:  9c                       pushfl   
0x000ea609:  5a                       popl     %edx
0x000ea60a:  51                       pushl    %ecx
0x000ea60b:  9d                       popfl    

----------------
IN: 
0x000ea60c:  31 ca                    xorl     %ecx, %edx
0x000ea60e:  0f ba e2 15              btl      $0x15, %edx
0x000ea612:  72 11                    jb       0xea625

----------------
IN: 
0x000ea625:  0f a2                    cpuid    
0x000ea627:  89 06                    movl     %eax, (%esi)
0x000ea629:  89 1f                    movl     %ebx, (%edi)
0x000ea62b:  89 4d 00                 movl     %ecx, (%ebp)
0x000ea62e:  8b 44 24 18              movl     0x18(%esp), %eax
0x000ea632:  89 10                    movl     %edx, (%eax)
0x000ea634:  5b                       popl     %ebx
0x000ea635:  5e                       popl     %esi
0x000ea636:  5f                       popl     %edi
0x000ea637:  5d                       popl     %ebp
0x000ea638:  c3                       retl     

----------------
IN: 
0x000f0733:  8b 44 24 0c              movl     0xc(%esp), %eax
0x000f0737:  89 44 24 1b              movl     %eax, 0x1b(%esp)
0x000f073b:  8b 44 24 10              movl     0x10(%esp), %eax
0x000f073f:  89 44 24 1f              movl     %eax, 0x1f(%esp)
0x000f0743:  8b 44 24 14              movl     0x14(%esp), %eax
0x000f0747:  89 44 24 23              movl     %eax, 0x23(%esp)
0x000f074b:  c6 44 24 27 00           movb     $0, 0x27(%esp)
0x000f0750:  8d 44 24 1b              leal     0x1b(%esp), %eax
0x000f0754:  ba ec 41 0f 00           movl     $0xf41ec, %edx
0x000f0759:  e8 d0 9c ff ff           calll    0xea42e

----------------
IN: 
0x000ea42e:  53                       pushl    %ebx
0x000ea42f:  89 c1                    movl     %eax, %ecx
0x000ea431:  89 d3                    movl     %edx, %ebx
0x000ea433:  31 c0                    xorl     %eax, %eax
0x000ea435:  8a 14 01                 movb     (%ecx, %eax), %dl
0x000ea438:  3a 14 03                 cmpb     (%ebx, %eax), %dl
0x000ea43b:  74 0c                    je       0xea449

----------------
IN: 
0x000ea43d:  b8 01 00 00 00           movl     $1, %eax
0x000ea442:  7d 0c                    jge      0xea450

----------------
IN: 
0x000ea444:  83 c8 ff                 orl      $0xffffffff, %eax
0x000ea447:  eb 07                    jmp      0xea450

----------------
IN: 
0x000ea450:  5b                       popl     %ebx
0x000ea451:  c3                       retl     

----------------
IN: 
0x000f075e:  5a                       popl     %edx
0x000f075f:  59                       popl     %ecx
0x000f0760:  85 c0                    testl    %eax, %eax
0x000f0762:  75 41                    jne      0xf07a5

----------------
IN: 
0x000f07a5:  81 c3 00 01 00 00        addl     $0x100, %ebx
0x000f07ab:  81 fb 00 00 01 40        cmpl     $0x40010000, %ebx
0x000f07b1:  0f 85 65 ff ff ff        jne      0xf071c

----------------
IN: 
0x000f071c:  8d 4c 24 04              leal     4(%esp), %ecx
0x000f0720:  89 e2                    movl     %esp, %edx
0x000f0722:  8d 44 24 0c              leal     0xc(%esp), %eax
0x000f0726:  50                       pushl    %eax
0x000f0727:  8d 44 24 0c              leal     0xc(%esp), %eax
0x000f072b:  50                       pushl    %eax
0x000f072c:  89 d8                    movl     %ebx, %eax
0x000f072e:  e8 bd 9e ff ff           calll    0xea5f0

----------------
IN: 
0x000f07b7:  83 3d 20 4b 0f 00 00     cmpl     $0, 0xf4b20
0x000f07be:  75 07                    jne      0xf07c7

----------------
IN: 
0x000f07c0:  68 52 42 0f 00           pushl    $0xf4252
0x000f07c5:  eb 1a                    jmp      0xf07e1

----------------
IN: 
0x000f07e1:  e8 3c c7 ff ff           calll    0xecf22

----------------
IN: 
0x000f07e6:  58                       popl     %eax
0x000f07e7:  e8 73 e2 ff ff           calll    0xeea5f

----------------
IN: 
0x000eea5f:  53                       pushl    %ebx
0x000eea60:  e8 f5 b7 ff ff           calll    0xea25a

----------------
IN: 
0x000ea25a:  a0 20 56 0f 00           movb     0xf5620, %al
0x000ea25f:  d0 e8                    shrb     $1, %al
0x000ea261:  83 e0 01                 andl     $1, %eax
0x000ea264:  c3                       retl     

----------------
IN: 
0x000eea65:  85 c0                    testl    %eax, %eax
0x000eea67:  75 70                    jne      0xeead9

----------------
IN: 
0x000eea69:  83 c8 ff                 orl      $0xffffffff, %eax
0x000eea6c:  e8 0b db ff ff           calll    0xec57c

----------------
IN: 
0x000ec57c:  56                       pushl    %esi
0x000ec57d:  53                       pushl    %ebx
0x000ec57e:  89 c1                    movl     %eax, %ecx
0x000ec580:  a8 07                    testb    $7, %al
0x000ec582:  75 50                    jne      0xec5d4

----------------
IN: 
0x000ec5d4:  41                       incl     %ecx
0x000ec5d5:  eb cd                    jmp      0xec5a4

----------------
IN: 
0x000ec5a4:  89 c8                    movl     %ecx, %eax
0x000ec5a6:  66 c1 e8 08              shrw     $8, %ax
0x000ec5aa:  75 2b                    jne      0xec5d7

----------------
IN: 
0x000ec5ac:  89 c8                    movl     %ecx, %eax
0x000ec5ae:  c1 e0 08                 shll     $8, %eax
0x000ec5b1:  25 00 ff ff 00           andl     $0xffff00, %eax
0x000ec5b6:  0d 00 00 00 80           orl      $0x80000000, %eax
0x000ec5bb:  ba f8 0c 00 00           movl     $0xcf8, %edx
0x000ec5c0:  ef                       outl     %eax, %dx

----------------
IN: 
0x000ec5c1:  ba fc 0c 00 00           movl     $0xcfc, %edx
0x000ec5c6:  66 ed                    inw      %dx, %ax

----------------
IN: 
0x000ec5c8:  48                       decl     %eax
0x000ec5c9:  66 83 f8 fd              cmpw     $-3, %ax
0x000ec5cd:  76 0b                    jbe      0xec5da

----------------
IN: 
0x000ec5da:  89 c8                    movl     %ecx, %eax
0x000ec5dc:  5b                       popl     %ebx
0x000ec5dd:  5e                       popl     %esi
0x000ec5de:  c3                       retl     

----------------
IN: 
0x000eea71:  89 c3                    movl     %eax, %ebx
0x000eea73:  85 c0                    testl    %eax, %eax
0x000eea75:  78 57                    js       0xeeace

----------------
IN: 
0x000eea77:  89 d8                    movl     %ebx, %eax
0x000eea79:  c1 e0 08                 shll     $8, %eax
0x000eea7c:  25 00 ff ff 00           andl     $0xffff00, %eax
0x000eea81:  0d 00 00 00 80           orl      $0x80000000, %eax
0x000eea86:  ba f8 0c 00 00           movl     $0xcf8, %edx
0x000eea8b:  ef                       outl     %eax, %dx

----------------
IN: 
0x000eea8c:  ba fc 0c 00 00           movl     $0xcfc, %edx
0x000eea91:  ed                       inl      %dx, %eax

----------------
IN: 
0x000eea92:  66 3d 86 80              cmpw     $0x8086, %ax
0x000eea96:  75 32                    jne      0xeeaca

----------------
IN: 
0x000eea98:  c1 e8 10                 shrl     $0x10, %eax
0x000eea9b:  3d 37 12 00 00           cmpl     $0x1237, %eax
0x000eeaa0:  75 07                    jne      0xeeaa9

----------------
IN: 
0x000eeaa2:  ba 59 00 00 00           movl     $0x59, %edx
0x000eeaa7:  eb 0c                    jmp      0xeeab5

----------------
IN: 
0x000eeab5:  0f b7 c3                 movzwl   %bx, %eax
0x000eeab8:  e8 de db ff ff           calll    0xec69b

----------------
IN: 
0x000ec69b:  53                       pushl    %ebx
0x000ec69c:  89 d3                    movl     %edx, %ebx
0x000ec69e:  0f b7 c8                 movzwl   %ax, %ecx
0x000ec6a1:  89 c8                    movl     %ecx, %eax
0x000ec6a3:  c1 e0 08                 shll     $8, %eax
0x000ec6a6:  81 e2 fc 00 00 00        andl     $0xfc, %edx
0x000ec6ac:  09 d0                    orl      %edx, %eax
0x000ec6ae:  0d 00 00 00 80           orl      $0x80000000, %eax
0x000ec6b3:  ba f8 0c 00 00           movl     $0xcf8, %edx
0x000ec6b8:  ef                       outl     %eax, %dx

----------------
IN: 
0x000ec6b9:  89 da                    movl     %ebx, %edx
0x000ec6bb:  83 e2 03                 andl     $3, %edx
0x000ec6be:  66 81 c2 fc 0c           addw     $0xcfc, %dx
0x000ec6c3:  ec                       inb      %dx, %al

----------------
IN: 
0x000ec6c4:  89 da                    movl     %ebx, %edx
0x000ec6c6:  a8 10                    testb    $0x10, %al
0x000ec6c8:  89 c8                    movl     %ecx, %eax
0x000ec6ca:  75 08                    jne      0xec6d4

----------------
IN: 
0x000ec6cc:  b9 df c5 fe ff           movl     $0xfffec5df, %ecx
0x000ec6d1:  5b                       popl     %ebx
0x000ec6d2:  ff e1                    jmpl     *%ecx

----------------
IN: 
0xfffec5df:  55                       pushl    %ebp
0xfffec5e0:  57                       pushl    %edi
0xfffec5e1:  56                       pushl    %esi
0xfffec5e2:  53                       pushl    %ebx
0xfffec5e3:  83 ec 08                 subl     $8, %esp
0xfffec5e6:  89 d3                    movl     %edx, %ebx
0xfffec5e8:  0f b7 c8                 movzwl   %ax, %ecx
0xfffec5eb:  c1 e1 08                 shll     $8, %ecx
0xfffec5ee:  89 d6                    movl     %edx, %esi
0xfffec5f0:  81 e6 fc 00 00 00        andl     $0xfc, %esi
0xfffec5f6:  09 ce                    orl      %ecx, %esi
0xfffec5f8:  81 ce 00 00 00 80        orl      $0x80000000, %esi
0xfffec5fe:  bd f8 0c 00 00           movl     $0xcf8, %ebp
0xfffec603:  89 f0                    movl     %esi, %eax
0xfffec605:  89 ea                    movl     %ebp, %edx
0xfffec607:  ef                       outl     %eax, %dx

----------------
IN: 
0xfffec608:  ba fc 0c 00 00           movl     $0xcfc, %edx
0xfffec60d:  ed                       inl      %dx, %eax

----------------
IN: 
0xfffec60e:  89 04 24                 movl     %eax, (%esp)
0xfffec611:  89 d8                    movl     %ebx, %eax
0xfffec613:  83 e0 fc                 andl     $0xfffffffc, %eax
0xfffec616:  83 c0 04                 addl     $4, %eax
0xfffec619:  25 fc 00 00 00           andl     $0xfc, %eax
0xfffec61e:  09 c1                    orl      %eax, %ecx
0xfffec620:  81 c9 00 00 00 80        orl      $0x80000000, %ecx
0xfffec626:  89 c8                    movl     %ecx, %eax
0xfffec628:  89 ea                    movl     %ebp, %edx
0xfffec62a:  ef                       outl     %eax, %dx

----------------
IN: 
0xfffec62b:  ba fc 0c 00 00           movl     $0xcfc, %edx
0xfffec630:  ed                       inl      %dx, %eax

----------------
IN: 
0xfffec631:  89 44 24 04              movl     %eax, 4(%esp)
0xfffec635:  83 e3 03                 andl     $3, %ebx
0xfffec638:  8d 14 1c                 leal     (%esp, %ebx), %edx
0xfffec63b:  31 c0                    xorl     %eax, %eax
0xfffec63d:  c6 44 02 01 33           movb     $0x33, 1(%edx, %eax)
0xfffec642:  40                       incl     %eax
0xfffec643:  83 f8 06                 cmpl     $6, %eax
0xfffec646:  75 f5                    jne      0xfffec63d

----------------
IN: 
0xfffec63d:  c6 44 02 01 33           movb     $0x33, 1(%edx, %eax)
0xfffec642:  40                       incl     %eax
0xfffec643:  83 f8 06                 cmpl     $6, %eax
0xfffec646:  75 f5                    jne      0xfffec63d

----------------
IN: 
0xfffec648:  0f b6 3c 1c              movzbl   (%esp, %ebx), %edi
0xfffec64c:  83 e7 10                 andl     $0x10, %edi
0xfffec64f:  c6 04 1c 30              movb     $0x30, (%esp, %ebx)
0xfffec653:  89 f0                    movl     %esi, %eax
0xfffec655:  ba f8 0c 00 00           movl     $0xcf8, %edx
0xfffec65a:  ef                       outl     %eax, %dx

----------------
IN: 
0xfffec65b:  8b 04 24                 movl     (%esp), %eax
0xfffec65e:  ba fc 0c 00 00           movl     $0xcfc, %edx
0xfffec663:  ef                       outl     %eax, %dx

----------------
IN: 
0xfffec664:  89 c8                    movl     %ecx, %eax
0xfffec666:  ba f8 0c 00 00           movl     $0xcf8, %edx
0xfffec66b:  ef                       outl     %eax, %dx

----------------
IN: 
0xfffec66c:  8b 44 24 04              movl     4(%esp), %eax
0xfffec670:  ba fc 0c 00 00           movl     $0xcfc, %edx
0xfffec675:  ef                       outl     %eax, %dx

----------------
IN: 
0xfffec676:  89 f8                    movl     %edi, %eax
0xfffec678:  84 c0                    testb    %al, %al
0xfffec67a:  75 17                    jne      0xfffec693

----------------
IN: 
0xfffec67c:  b9 00 00 10 00           movl     $0x100000, %ecx
0xfffec681:  81 e9 00 42 0d 00        subl     $0xd4200, %ecx
0xfffec687:  be 00 42 fd ff           movl     $0xfffd4200, %esi
0xfffec68c:  bf 00 42 0d 00           movl     $0xd4200, %edi
0xfffec691:  f3 a4                    rep movsb (%esi), %es:(%edi)

----------------
IN: 
0xfffec691:  f3 a4                    rep movsb (%esi), %es:(%edi)

